c:\users\anton\source\repos\dia\x64\debug\vc143.pdb
c:\users\anton\source\repos\dia\x64\debug\vc143.idb
c:\users\anton\source\repos\dia\x64\debug\drawer.obj
c:\users\anton\source\repos\dia\x64\debug\defaults.obj
c:\users\anton\source\repos\dia\x64\debug\createmode.obj
c:\users\anton\source\repos\dia\x64\debug\commandline.obj
c:\users\anton\source\repos\dia\x64\debug\utils.obj
c:\users\anton\source\repos\dia\x64\debug\textedit.obj
c:\users\anton\source\repos\dia\x64\debug\setparser.obj
c:\users\anton\source\repos\dia\x64\debug\selection.obj
c:\users\anton\source\repos\dia\x64\debug\main.obj
c:\users\anton\source\repos\dia\x64\debug\loadsave.obj
c:\users\anton\source\repos\dia\x64\debug\editmode.obj
c:\users\anton\source\repos\dia\x64\debug\dia.pdb
c:\users\anton\source\repos\dia\x64\debug\dia.tlog\cl.command.1.tlog
c:\users\anton\source\repos\dia\x64\debug\dia.tlog\cl.read.1.tlog
c:\users\anton\source\repos\dia\x64\debug\dia.tlog\cl.write.1.tlog
c:\users\anton\source\repos\dia\x64\debug\dia.tlog\link-cvtres.read.1.tlog
c:\users\anton\source\repos\dia\x64\debug\dia.tlog\link-cvtres.write.1.tlog
c:\users\anton\source\repos\dia\x64\debug\dia.tlog\link-rc.read.1.tlog
c:\users\anton\source\repos\dia\x64\debug\dia.tlog\link-rc.write.1.tlog
c:\users\anton\source\repos\dia\x64\debug\dia.tlog\link.command.1.tlog
c:\users\anton\source\repos\dia\x64\debug\dia.tlog\link.read.1.tlog
c:\users\anton\source\repos\dia\x64\debug\dia.tlog\link.read.2.tlog
c:\users\anton\source\repos\dia\x64\debug\dia.tlog\link.read.3.tlog
c:\users\anton\source\repos\dia\x64\debug\dia.tlog\link.write.1.tlog
