  main.cpp
C:\Users\Anton\source\repos\Dia\src\Selection.hpp(32,1): warning C4267: 'return': conversion from 'size_t' to 'int', possible loss of data
C:\Users\Anton\source\repos\Dia\src\Selection.hpp(51,1): warning C4267: 'return': conversion from 'size_t' to 'int', possible loss of data
C:\Users\Anton\source\repos\Dia\src\History.hpp(130,1): warning C4267: '=': conversion from 'size_t' to 'int', possible loss of data
C:\Users\Anton\source\repos\Dia\src\Defaults.hpp(37,31): warning C4305: 'initializing': truncation from 'double' to 'float'
C:\Users\Anton\source\repos\Dia\src\TextEdit.hpp(15,1): warning C4267: '=': conversion from 'size_t' to 'int', possible loss of data
C:\Users\Anton\source\repos\Dia\src\AppInfo.hpp(59,1): warning C4267: '=': conversion from 'size_t' to 'int', possible loss of data
C:\Users\Anton\source\repos\Dia\src\AppInfo.hpp(79,1): warning C4267: '=': conversion from 'size_t' to 'int', possible loss of data
C:\Users\Anton\source\repos\Dia\src\AppInfo.hpp(153,71): warning C4267: 'return': conversion from 'size_t' to 'int', possible loss of data
C:\Users\Anton\source\repos\Dia\src\utils.hpp(41,13): warning C4244: 'initializing': conversion from 'int' to 'float', possible loss of data
C:\Users\Anton\source\repos\Dia\src\main.cpp(30,14): warning C4244: 'initializing': conversion from 'float' to 'int', possible loss of data
C:\Users\Anton\source\repos\Dia\src\main.cpp(31,14): warning C4244: 'initializing': conversion from 'float' to 'int', possible loss of data
C:\Users\Anton\source\repos\Dia\src\main.cpp(250,14): warning C4244: 'initializing': conversion from 'double' to 'float', possible loss of data
C:\Users\Anton\source\repos\Dia\src\main.cpp(255,42): warning C4244: 'argument': conversion from 'float' to 'unsigned int', possible loss of data
C:\Users\Anton\source\repos\Dia\src\main.cpp(255,28): warning C4244: 'argument': conversion from 'float' to 'unsigned int', possible loss of data
C:\Users\Anton\source\repos\Dia\src\main.cpp(291,37): warning C4244: '=': conversion from 'int' to 'float', possible loss of data
C:\Users\Anton\source\repos\Dia\src\main.cpp(322,49): warning C4244: '=': conversion from 'int' to 'float', possible loss of data
C:\Users\Anton\source\repos\Dia\src\main.cpp(338,38): warning C4244: '=': conversion from 'int' to 'float', possible loss of data
C:\Users\Anton\source\repos\Dia\src\main.cpp(373,50): warning C4244: '=': conversion from 'int' to 'float', possible loss of data
C:\Users\Anton\source\repos\Dia\src\main.cpp(413,62): warning C4244: '=': conversion from 'int' to 'float', possible loss of data
C:\Users\Anton\source\repos\Dia\src\main.cpp(436,51): warning C4244: '=': conversion from 'int' to 'float', possible loss of data
C:\Users\Anton\source\repos\Dia\src\main.cpp(700,25): warning C4244: 'argument': conversion from 'double' to 'float', possible loss of data
C:\Users\Anton\source\repos\Dia\src\main.cpp(824,4): warning C4267: 'initializing': conversion from 'size_t' to 'int', possible loss of data
C:\Users\Anton\source\repos\Dia\src\main.cpp(836,4): warning C4267: 'initializing': conversion from 'size_t' to 'int', possible loss of data
C:\Users\Anton\source\repos\Dia\src\main.cpp(848,4): warning C4267: 'initializing': conversion from 'size_t' to 'int', possible loss of data
C:\Users\Anton\source\repos\Dia\src\main.cpp(918,12): warning C4244: 'argument': conversion from 'time_t' to 'unsigned int', possible loss of data
C:\Users\Anton\source\repos\Dia\src\main.cpp(943,3): warning C4267: '=': conversion from 'size_t' to 'int', possible loss of data
C:\Users\Anton\source\repos\Dia\src\main.cpp(1022,57): warning C4244: 'argument': conversion from 'unsigned int' to 'T', possible loss of data
          with
          [
              T=float
          ]
C:\Users\Anton\source\repos\Dia\src\main.cpp(1022,43): warning C4244: 'argument': conversion from 'unsigned int' to 'T', possible loss of data
          with
          [
              T=float
          ]
C:\Users\Anton\source\repos\Dia\src\main.cpp(1025,48): warning C4244: 'argument': conversion from 'unsigned int' to 'T', possible loss of data
          with
          [
              T=float
          ]
C:\Users\Anton\source\repos\Dia\src\main.cpp(1025,34): warning C4244: 'argument': conversion from 'unsigned int' to 'T', possible loss of data
          with
          [
              T=float
          ]
C:\Users\Anton\source\repos\Dia\src\main.cpp(1049,78): warning C4244: 'argument': conversion from 'int' to 'T', possible loss of data
          with
          [
              T=float
          ]
C:\Users\Anton\source\repos\Dia\src\main.cpp(1049,61): warning C4244: 'argument': conversion from 'int' to 'T', possible loss of data
          with
          [
              T=float
          ]
C:\Users\Anton\source\repos\Dia\src\main.cpp(1073,64): warning C4244: 'argument': conversion from 'int' to 'T', possible loss of data
          with
          [
              T=float
          ]
C:\Users\Anton\source\repos\Dia\src\main.cpp(1073,47): warning C4244: 'argument': conversion from 'int' to 'T', possible loss of data
          with
          [
              T=float
          ]
C:\Users\Anton\source\repos\Dia\src\main.cpp(1083,60): warning C4244: 'argument': conversion from 'int' to 'T', possible loss of data
          with
          [
              T=float
          ]
C:\Users\Anton\source\repos\Dia\src\main.cpp(1083,45): warning C4244: 'argument': conversion from 'int' to 'T', possible loss of data
          with
          [
              T=float
          ]
C:\Users\Anton\source\repos\Dia\src\main.cpp(1094,22): warning C4244: '=': conversion from 'T' to 'int', possible loss of data
          with
          [
              T=float
          ]
C:\Users\Anton\source\repos\Dia\src\main.cpp(1095,22): warning C4244: '=': conversion from 'T' to 'int', possible loss of data
          with
          [
              T=float
          ]
C:\Users\Anton\source\repos\Dia\src\main.cpp(1107,24): warning C4244: '=': conversion from 'T' to 'int', possible loss of data
          with
          [
              T=float
          ]
C:\Users\Anton\source\repos\Dia\src\main.cpp(1108,24): warning C4244: '=': conversion from 'T' to 'int', possible loss of data
          with
          [
              T=float
          ]
  Dia.vcxproj -> C:\Users\Anton\source\repos\Dia\x64\Debug\Dia.exe
