c:\users\anton\source\repos\consoleapplication1\consoleapplication1\x64\release\vc142.pdb
c:\users\anton\source\repos\consoleapplication1\consoleapplication1\x64\release\utils.obj
c:\users\anton\source\repos\consoleapplication1\consoleapplication1\x64\release\textedit.obj
c:\users\anton\source\repos\consoleapplication1\consoleapplication1\x64\release\setparser.obj
c:\users\anton\source\repos\consoleapplication1\consoleapplication1\x64\release\selection.obj
c:\users\anton\source\repos\consoleapplication1\consoleapplication1\x64\release\main.obj
c:\users\anton\source\repos\consoleapplication1\consoleapplication1\x64\release\loadsave.obj
c:\users\anton\source\repos\consoleapplication1\consoleapplication1\x64\release\editmode.obj
c:\users\anton\source\repos\consoleapplication1\consoleapplication1\x64\release\drawer.obj
c:\users\anton\source\repos\consoleapplication1\consoleapplication1\x64\release\defaults.obj
c:\users\anton\source\repos\consoleapplication1\consoleapplication1\x64\release\commandline.obj
c:\users\anton\source\repos\consoleapplication1\consoleapplication1\x64\release\createmode.obj
c:\users\anton\source\repos\consoleapplication1\x64\release\consoleapplication1.exe
c:\users\anton\source\repos\consoleapplication1\consoleapplication1\x64\release\consoleapplication1.ipdb
c:\users\anton\source\repos\consoleapplication1\consoleapplication1\x64\release\consoleapplication1.iobj
c:\users\anton\source\repos\consoleapplication1\x64\release\consoleapplication1.pdb
c:\users\anton\source\repos\consoleapplication1\consoleapplication1\x64\release\consolea.27be8c57.tlog\cl.command.1.tlog
c:\users\anton\source\repos\consoleapplication1\consoleapplication1\x64\release\consolea.27be8c57.tlog\cl.read.1.tlog
c:\users\anton\source\repos\consoleapplication1\consoleapplication1\x64\release\consolea.27be8c57.tlog\cl.write.1.tlog
c:\users\anton\source\repos\consoleapplication1\consoleapplication1\x64\release\consolea.27be8c57.tlog\link.command.1.tlog
c:\users\anton\source\repos\consoleapplication1\consoleapplication1\x64\release\consolea.27be8c57.tlog\link.read.1.tlog
c:\users\anton\source\repos\consoleapplication1\consoleapplication1\x64\release\consolea.27be8c57.tlog\link.write.1.tlog
